   1              		.syntax unified
   2              		.cpu cortex-m3
   3              		.fpu softvfp
   4              		.eabi_attribute 20, 1
   5              		.eabi_attribute 21, 1
   6              		.eabi_attribute 23, 3
   7              		.eabi_attribute 24, 1
   8              		.eabi_attribute 25, 1
   9              		.eabi_attribute 26, 1
  10              		.eabi_attribute 30, 6
  11              		.eabi_attribute 34, 1
  12              		.eabi_attribute 18, 4
  13              		.thumb
  14              		.file	"startup_efm32lg.c"
  15              		.text
  16              	.Ltext0:
  17              		.cfi_sections	.debug_frame
  18              		.comm	PuffSem,4,4
  19              		.comm	LEDSem,4,4
  20              		.comm	LEDRedMut,4,4
  21              		.comm	LEDGreenMut,4,4
  22              		.comm	LEDBlueMut,4,4
  23              		.section	.text.Default_Handler,"ax",%progbits
  24              		.align	2
  25              		.global	Default_Handler
  26              		.thumb
  27              		.thumb_func
  29              	Default_Handler:
  30              	.LFB61:
  31              		.file 1 "../src/startup_efm32lg.c"
   1:../src/startup_efm32lg.c **** /**
   2:../src/startup_efm32lg.c **** *****************************************************************************
   3:../src/startup_efm32lg.c **** **
   4:../src/startup_efm32lg.c **** **  File        : startup.c
   5:../src/startup_efm32lg.c **** **
   6:../src/startup_efm32lg.c **** **  Abstract    : This file contains interrupt vector and startup code.
   7:../src/startup_efm32lg.c **** **
   8:../src/startup_efm32lg.c **** **  Functions   : Reset_Handler
   9:../src/startup_efm32lg.c **** **
  10:../src/startup_efm32lg.c **** **  Target      : Energy Micro EFM32 Leopard Gecko microcontrollers
  11:../src/startup_efm32lg.c **** **
  12:../src/startup_efm32lg.c **** **
  13:../src/startup_efm32lg.c **** **  Distribution: The file is distributed “as is,” without any warranty
  14:../src/startup_efm32lg.c **** **                of any kind.
  15:../src/startup_efm32lg.c **** **
  16:../src/startup_efm32lg.c **** *****************************************************************************
  17:../src/startup_efm32lg.c **** */
  18:../src/startup_efm32lg.c **** #include "../Libraries/includes.h"
  19:../src/startup_efm32lg.c **** /**
  20:../src/startup_efm32lg.c **** **===========================================================================
  21:../src/startup_efm32lg.c **** **  Revisions
  22:../src/startup_efm32lg.c **** **===========================================================================
  23:../src/startup_efm32lg.c **** **       Date        Modification
  24:../src/startup_efm32lg.c **** **       2011-11-11  First issue.
  25:../src/startup_efm32lg.c **** **===========================================================================
  26:../src/startup_efm32lg.c **** */
  27:../src/startup_efm32lg.c **** 
  28:../src/startup_efm32lg.c **** /**
  29:../src/startup_efm32lg.c **** **===========================================================================
  30:../src/startup_efm32lg.c **** **  External declarations
  31:../src/startup_efm32lg.c **** **===========================================================================
  32:../src/startup_efm32lg.c **** */
  33:../src/startup_efm32lg.c **** extern unsigned long _sdata, _edata, _sidata, _sbss, _ebss;
  34:../src/startup_efm32lg.c **** extern unsigned long _estack;
  35:../src/startup_efm32lg.c **** extern void __libc_init_array();
  36:../src/startup_efm32lg.c **** extern void SystemInit();
  37:../src/startup_efm32lg.c **** extern void main();
  38:../src/startup_efm32lg.c **** 
  39:../src/startup_efm32lg.c **** /**
  40:../src/startup_efm32lg.c **** **===========================================================================
  41:../src/startup_efm32lg.c **** **  Default interrupt handler
  42:../src/startup_efm32lg.c **** **===========================================================================
  43:../src/startup_efm32lg.c **** */
  44:../src/startup_efm32lg.c **** void Default_Handler()
  45:../src/startup_efm32lg.c **** {
  32              		.loc 1 45 0
  33              		.cfi_startproc
  34              		@ args = 0, pretend = 0, frame = 0
  35              		@ frame_needed = 1, uses_anonymous_args = 0
  36              		@ link register save eliminated.
  37 0000 80B4     		push	{r7}
  38              		.cfi_def_cfa_offset 4
  39              		.cfi_offset 7, -4
  40 0002 00AF     		add	r7, sp, #0
  41              		.cfi_def_cfa_register 7
  42              	.L2:
  46:../src/startup_efm32lg.c **** 	/* Hang here */
  47:../src/startup_efm32lg.c **** 	while(1)
  48:../src/startup_efm32lg.c **** 	{
  49:../src/startup_efm32lg.c **** 	}
  43              		.loc 1 49 0 discriminator 1
  44 0004 FEE7     		b	.L2
  45              		.cfi_endproc
  46              	.LFE61:
  48              		.weak	NMI_Handler
  49              		.thumb_set NMI_Handler,Default_Handler
  50              		.weak	MemManage_Handler
  51              		.thumb_set MemManage_Handler,Default_Handler
  52              		.weak	BusFault_Handler
  53              		.thumb_set BusFault_Handler,Default_Handler
  54              		.weak	UsageFault_Handler
  55              		.thumb_set UsageFault_Handler,Default_Handler
  56              		.weak	SVC_Handler
  57              		.thumb_set SVC_Handler,Default_Handler
  58              		.weak	DebugMonitor_Handler
  59              		.thumb_set DebugMonitor_Handler,Default_Handler
  60              		.weak	PendSV_Handler
  61              		.thumb_set PendSV_Handler,Default_Handler
  62              		.weak	SysTick_Handler
  63              		.thumb_set SysTick_Handler,Default_Handler
  64              		.weak	DMA_IRQHandler
  65              		.thumb_set DMA_IRQHandler,Default_Handler
  66              		.weak	GPIO_EVEN_IRQHandler
  67              		.thumb_set GPIO_EVEN_IRQHandler,Default_Handler
  68              		.weak	TIMER0_IRQHandler
  69              		.thumb_set TIMER0_IRQHandler,Default_Handler
  70              		.weak	USART0_RX_IRQHandler
  71              		.thumb_set USART0_RX_IRQHandler,Default_Handler
  72              		.weak	USART0_TX_IRQHandler
  73              		.thumb_set USART0_TX_IRQHandler,Default_Handler
  74              		.weak	USB_IRQHandler
  75              		.thumb_set USB_IRQHandler,Default_Handler
  76              		.weak	ACMP0_IRQHandler
  77              		.thumb_set ACMP0_IRQHandler,Default_Handler
  78              		.weak	ADC0_IRQHandler
  79              		.thumb_set ADC0_IRQHandler,Default_Handler
  80              		.weak	DAC0_IRQHandler
  81              		.thumb_set DAC0_IRQHandler,Default_Handler
  82              		.weak	I2C0_IRQHandler
  83              		.thumb_set I2C0_IRQHandler,Default_Handler
  84              		.weak	I2C1_IRQHandler
  85              		.thumb_set I2C1_IRQHandler,Default_Handler
  86              		.weak	GPIO_ODD_IRQHandler
  87              		.thumb_set GPIO_ODD_IRQHandler,Default_Handler
  88              		.weak	TIMER1_IRQHandler
  89              		.thumb_set TIMER1_IRQHandler,Default_Handler
  90              		.weak	TIMER2_IRQHandler
  91              		.thumb_set TIMER2_IRQHandler,Default_Handler
  92              		.weak	TIMER3_IRQHandler
  93              		.thumb_set TIMER3_IRQHandler,Default_Handler
  94              		.weak	USART1_RX_IRQHandler
  95              		.thumb_set USART1_RX_IRQHandler,Default_Handler
  96              		.weak	USART1_TX_IRQHandler
  97              		.thumb_set USART1_TX_IRQHandler,Default_Handler
  98              		.weak	LESENSE_IRQHandler
  99              		.thumb_set LESENSE_IRQHandler,Default_Handler
 100              		.weak	USART2_RX_IRQHandler
 101              		.thumb_set USART2_RX_IRQHandler,Default_Handler
 102              		.weak	USART2_TX_IRQHandler
 103              		.thumb_set USART2_TX_IRQHandler,Default_Handler
 104              		.weak	UART0_RX_IRQHandler
 105              		.thumb_set UART0_RX_IRQHandler,Default_Handler
 106              		.weak	UART0_TX_IRQHandler
 107              		.thumb_set UART0_TX_IRQHandler,Default_Handler
 108              		.weak	UART1_RX_IRQHandler
 109              		.thumb_set UART1_RX_IRQHandler,Default_Handler
 110              		.weak	UART1_TX_IRQHandler
 111              		.thumb_set UART1_TX_IRQHandler,Default_Handler
 112              		.weak	LEUART0_IRQHandler
 113              		.thumb_set LEUART0_IRQHandler,Default_Handler
 114              		.weak	LEUART1_IRQHandler
 115              		.thumb_set LEUART1_IRQHandler,Default_Handler
 116              		.weak	LETIMER0_IRQHandler
 117              		.thumb_set LETIMER0_IRQHandler,Default_Handler
 118              		.weak	PCNT0_IRQHandler
 119              		.thumb_set PCNT0_IRQHandler,Default_Handler
 120              		.weak	PCNT1_IRQHandler
 121              		.thumb_set PCNT1_IRQHandler,Default_Handler
 122              		.weak	PCNT2_IRQHandler
 123              		.thumb_set PCNT2_IRQHandler,Default_Handler
 124              		.weak	RTC_IRQHandler
 125              		.thumb_set RTC_IRQHandler,Default_Handler
 126              		.weak	BURTC_IRQHandler
 127              		.thumb_set BURTC_IRQHandler,Default_Handler
 128              		.weak	CMU_IRQHandler
 129              		.thumb_set CMU_IRQHandler,Default_Handler
 130              		.weak	VCMP_IRQHandler
 131              		.thumb_set VCMP_IRQHandler,Default_Handler
 132              		.weak	LCD_IRQHandler
 133              		.thumb_set LCD_IRQHandler,Default_Handler
 134              		.weak	MSC_IRQHandler
 135              		.thumb_set MSC_IRQHandler,Default_Handler
 136              		.weak	AES_IRQHandler
 137              		.thumb_set AES_IRQHandler,Default_Handler
 138              		.weak	EBI_IRQHandler
 139              		.thumb_set EBI_IRQHandler,Default_Handler
 140 0006 00BF     		.section	.text.Default_HandlerHF,"ax",%progbits
 141              		.align	2
 142              		.global	Default_HandlerHF
 143              		.thumb
 144              		.thumb_func
 146              	Default_HandlerHF:
 147              	.LFB62:
  50:../src/startup_efm32lg.c **** }
  51:../src/startup_efm32lg.c **** 
  52:../src/startup_efm32lg.c **** void Default_HandlerHF()
  53:../src/startup_efm32lg.c **** {
 148              		.loc 1 53 0
 149              		.cfi_startproc
 150              		@ args = 0, pretend = 0, frame = 8
 151              		@ frame_needed = 1, uses_anonymous_args = 0
 152              		@ link register save eliminated.
 153 0000 80B4     		push	{r7}
 154              		.cfi_def_cfa_offset 4
 155              		.cfi_offset 7, -4
 156 0002 83B0     		sub	sp, sp, #12
 157              		.cfi_def_cfa_offset 16
 158 0004 00AF     		add	r7, sp, #0
 159              		.cfi_def_cfa_register 7
  54:../src/startup_efm32lg.c ****     int i;
  55:../src/startup_efm32lg.c ****     i = SCB->HFSR;
 160              		.loc 1 55 0
 161 0006 074B     		ldr	r3, .L4
 162 0008 DB6A     		ldr	r3, [r3, #44]
 163 000a 7B60     		str	r3, [r7, #4]
  56:../src/startup_efm32lg.c ****     GPIO->P[2].DOUTCLR = 1;
 164              		.loc 1 56 0
 165 000c 064B     		ldr	r3, .L4+4
 166 000e 0122     		movs	r2, #1
 167 0010 DA65     		str	r2, [r3, #92]
  57:../src/startup_efm32lg.c ****     GPIO->P[2].DOUTSET = 0xf<<4;
 168              		.loc 1 57 0
 169 0012 054B     		ldr	r3, .L4+4
 170 0014 F022     		movs	r2, #240
 171 0016 9A65     		str	r2, [r3, #88]
  58:../src/startup_efm32lg.c ****     __asm("BKPT");
 172              		.loc 1 58 0
 173              	@ 58 "../src/startup_efm32lg.c" 1
 174 0018 00BE     		BKPT
 175              	@ 0 "" 2
  59:../src/startup_efm32lg.c ****     /* Hang here */
  60:../src/startup_efm32lg.c **** //    while(1)
  61:../src/startup_efm32lg.c **** //    {
  62:../src/startup_efm32lg.c **** //    }
  63:../src/startup_efm32lg.c **** }
 176              		.loc 1 63 0
 177              		.thumb
 178 001a 0C37     		adds	r7, r7, #12
 179              		.cfi_def_cfa_offset 4
 180 001c BD46     		mov	sp, r7
 181              		.cfi_def_cfa_register 13
 182              		@ sp needed
 183 001e 5DF8047B 		ldr	r7, [sp], #4
 184              		.cfi_restore 7
 185              		.cfi_def_cfa_offset 0
 186 0022 7047     		bx	lr
 187              	.L5:
 188              		.align	2
 189              	.L4:
 190 0024 00ED00E0 		.word	-536810240
 191 0028 00600040 		.word	1073766400
 192              		.cfi_endproc
 193              	.LFE62:
 195              		.weak	HardFault_Handler
 196              		.thumb_set HardFault_Handler,Default_HandlerHF
 197              		.section	.text.Reset_Handler,"ax",%progbits
 198              		.align	2
 199              		.global	Reset_Handler
 200              		.thumb
 201              		.thumb_func
 203              	Reset_Handler:
 204              	.LFB63:
  64:../src/startup_efm32lg.c **** 
  65:../src/startup_efm32lg.c **** /**
  66:../src/startup_efm32lg.c **** **===========================================================================
  67:../src/startup_efm32lg.c **** **  Reset handler
  68:../src/startup_efm32lg.c **** **===========================================================================
  69:../src/startup_efm32lg.c **** */
  70:../src/startup_efm32lg.c **** __attribute__((naked)) void Reset_Handler()
  71:../src/startup_efm32lg.c **** {
 205              		.loc 1 71 0
 206              		.cfi_startproc
 207              		@ Naked Function: prologue and epilogue provided by programmer.
 208              		@ args = 0, pretend = 0, frame = 0
 209              		@ frame_needed = 1, uses_anonymous_args = 0
  72:../src/startup_efm32lg.c **** 	/* Data and BSS variables */
  73:../src/startup_efm32lg.c **** 	unsigned long *srcdata, *dstdata, *sbss;
  74:../src/startup_efm32lg.c **** 
  75:../src/startup_efm32lg.c **** 	/* Set up the stack pointer */
  76:../src/startup_efm32lg.c **** 	asm("ldr sp,=_estack\n\t");
 210              		.loc 1 76 0
 211              	@ 76 "../src/startup_efm32lg.c" 1
 212 0000 DFF850D0 		ldr sp,=_estack
 213              		
 214              	@ 0 "" 2
  77:../src/startup_efm32lg.c **** 
  78:../src/startup_efm32lg.c **** 	/* Initialize System */
  79:../src/startup_efm32lg.c **** 	SystemInit();
 215              		.loc 1 79 0
 216              		.thumb
 217 0004 FFF7FEFF 		bl	SystemInit
  80:../src/startup_efm32lg.c **** 
  81:../src/startup_efm32lg.c **** 	srcdata = &_sidata;
 218              		.loc 1 81 0
 219 0008 0D4E     		ldr	r6, .L11
  82:../src/startup_efm32lg.c **** 	dstdata = &_sdata;
 220              		.loc 1 82 0
 221 000a 0E4D     		ldr	r5, .L11+4
  83:../src/startup_efm32lg.c **** 	sbss = &_sbss;
 222              		.loc 1 83 0
 223 000c 0E4C     		ldr	r4, .L11+8
  84:../src/startup_efm32lg.c **** 
  85:../src/startup_efm32lg.c **** 	/* Copy data */
  86:../src/startup_efm32lg.c **** 	while(dstdata != &_edata)
 224              		.loc 1 86 0
 225 000e 05E0     		b	.L7
 226              	.L8:
  87:../src/startup_efm32lg.c **** 	{
  88:../src/startup_efm32lg.c **** 		*(dstdata++) = *(srcdata++);
 227              		.loc 1 88 0
 228 0010 2B46     		mov	r3, r5
 229 0012 1D1D     		adds	r5, r3, #4
 230 0014 3246     		mov	r2, r6
 231 0016 161D     		adds	r6, r2, #4
 232 0018 1268     		ldr	r2, [r2]
 233 001a 1A60     		str	r2, [r3]
 234              	.L7:
  86:../src/startup_efm32lg.c **** 	{
 235              		.loc 1 86 0
 236 001c 0B4B     		ldr	r3, .L11+12
 237 001e 9D42     		cmp	r5, r3
 238 0020 F6D1     		bne	.L8
  89:../src/startup_efm32lg.c **** 	}
  90:../src/startup_efm32lg.c **** 
  91:../src/startup_efm32lg.c **** 	/* Clear BSS */
  92:../src/startup_efm32lg.c **** 	while(sbss != &_ebss)
 239              		.loc 1 92 0
 240 0022 03E0     		b	.L9
 241              	.L10:
  93:../src/startup_efm32lg.c **** 	{
  94:../src/startup_efm32lg.c **** 		*(sbss++) = '\0';
 242              		.loc 1 94 0
 243 0024 2346     		mov	r3, r4
 244 0026 1C1D     		adds	r4, r3, #4
 245 0028 0022     		movs	r2, #0
 246 002a 1A60     		str	r2, [r3]
 247              	.L9:
  92:../src/startup_efm32lg.c **** 	{
 248              		.loc 1 92 0
 249 002c 084B     		ldr	r3, .L11+16
 250 002e 9C42     		cmp	r4, r3
 251 0030 F8D1     		bne	.L10
  95:../src/startup_efm32lg.c **** 	}
  96:../src/startup_efm32lg.c **** 
  97:../src/startup_efm32lg.c **** 	/* Run static constructors */
  98:../src/startup_efm32lg.c **** 	__libc_init_array();
 252              		.loc 1 98 0
 253 0032 FFF7FEFF 		bl	__libc_init_array
  99:../src/startup_efm32lg.c **** 
 100:../src/startup_efm32lg.c **** 	/* Jump to main */
 101:../src/startup_efm32lg.c **** 	main();
 254              		.loc 1 101 0
 255 0036 FFF7FEFF 		bl	main
 102:../src/startup_efm32lg.c **** 
 103:../src/startup_efm32lg.c **** 	/* In case main returns, use default handler */
 104:../src/startup_efm32lg.c **** 	Default_Handler();
 256              		.loc 1 104 0
 257 003a FFF7FEFF 		bl	Default_Handler
 105:../src/startup_efm32lg.c **** }
 258              		.loc 1 105 0
 259              	.L12:
 260 003e 00BF     		.align	2
 261              	.L11:
 262 0040 00000000 		.word	_sidata
 263 0044 00000000 		.word	_sdata
 264 0048 00000000 		.word	_sbss
 265 004c 00000000 		.word	_edata
 266 0050 00000000 		.word	_ebss
 267              		.cfi_endproc
 268              	.LFE63:
 270              		.global	InterruptVector
 271              		.section	.isr_vector,"a",%progbits
 272              		.align	2
 275              	InterruptVector:
 276 0000 00000000 		.word	_estack
 277 0004 00000000 		.word	Reset_Handler
 278 0008 00000000 		.word	NMI_Handler
 279 000c 00000000 		.word	HardFault_Handler
 280 0010 00000000 		.word	MemManage_Handler
 281 0014 00000000 		.word	BusFault_Handler
 282 0018 00000000 		.word	UsageFault_Handler
 283 001c 00000000 		.word	0
 284 0020 00000000 		.word	0
 285 0024 00000000 		.word	0
 286 0028 00000000 		.word	0
 287 002c 00000000 		.word	SVC_Handler
 288 0030 00000000 		.word	DebugMonitor_Handler
 289 0034 00000000 		.word	0
 290 0038 00000000 		.word	PendSV_Handler
 291 003c 00000000 		.word	SysTick_Handler
 292 0040 00000000 		.word	DMA_IRQHandler
 293 0044 00000000 		.word	GPIO_EVEN_IRQHandler
 294 0048 00000000 		.word	TIMER0_IRQHandler
 295 004c 00000000 		.word	USART0_RX_IRQHandler
 296 0050 00000000 		.word	USART0_TX_IRQHandler
 297 0054 00000000 		.word	USB_IRQHandler
 298 0058 00000000 		.word	ACMP0_IRQHandler
 299 005c 00000000 		.word	ADC0_IRQHandler
 300 0060 00000000 		.word	DAC0_IRQHandler
 301 0064 00000000 		.word	I2C0_IRQHandler
 302 0068 00000000 		.word	I2C1_IRQHandler
 303 006c 00000000 		.word	GPIO_ODD_IRQHandler
 304 0070 00000000 		.word	TIMER1_IRQHandler
 305 0074 00000000 		.word	TIMER2_IRQHandler
 306 0078 00000000 		.word	TIMER3_IRQHandler
 307 007c 00000000 		.word	USART1_RX_IRQHandler
 308 0080 00000000 		.word	USART1_TX_IRQHandler
 309 0084 00000000 		.word	LESENSE_IRQHandler
 310 0088 00000000 		.word	USART2_RX_IRQHandler
 311 008c 00000000 		.word	USART2_TX_IRQHandler
 312 0090 00000000 		.word	UART0_RX_IRQHandler
 313 0094 00000000 		.word	UART0_TX_IRQHandler
 314 0098 00000000 		.word	UART1_RX_IRQHandler
 315 009c 00000000 		.word	UART1_TX_IRQHandler
 316 00a0 00000000 		.word	LEUART0_IRQHandler
 317 00a4 00000000 		.word	LEUART1_IRQHandler
 318 00a8 00000000 		.word	LETIMER0_IRQHandler
 319 00ac 00000000 		.word	PCNT0_IRQHandler
 320 00b0 00000000 		.word	PCNT1_IRQHandler
 321 00b4 00000000 		.word	PCNT2_IRQHandler
 322 00b8 00000000 		.word	RTC_IRQHandler
 323 00bc 00000000 		.word	BURTC_IRQHandler
 324 00c0 00000000 		.word	CMU_IRQHandler
 325 00c4 00000000 		.word	VCMP_IRQHandler
 326 00c8 00000000 		.word	LCD_IRQHandler
 327 00cc 00000000 		.word	MSC_IRQHandler
 328 00d0 00000000 		.word	AES_IRQHandler
 329 00d4 00000000 		.word	EBI_IRQHandler
 330              		.text
 331              	.Letext0:
 332              		.file 2 "c:\\program files (x86)\\emprog\\thunderbench-arm-v3.85\\arm\\arm-none-eabi\\include\\mac
 333              		.file 3 "c:\\program files (x86)\\emprog\\thunderbench-arm-v3.85\\arm\\arm-none-eabi\\include\\std
 334              		.file 4 "U:\\Thunderspace\\EFM32LG330F128\\Libraries\\CMSIS\\Include/core_cm3.h"
 335              		.file 5 "U:\\Thunderspace\\EFM32LG330F128\\Libraries\\Device\\EnergyMicro\\EFM32\\Include/efm32lg_
 336              		.file 6 "U:\\Thunderspace\\EFM32LG330F128\\Libraries\\Device\\EnergyMicro\\EFM32\\Include/efm32lg_
 337              		.file 7 "U:/Thunderspace/EFM32LG330F128/RTOSincludes/queue.h"
 338              		.file 8 "U:/Thunderspace/EFM32LG330F128/RTOSincludes/semphr.h"
 339              		.file 9 "../src/../Libraries/includes.h"
DEFINED SYMBOLS
                            *ABS*:00000000 startup_efm32lg.c
                            *COM*:00000004 PuffSem
                            *COM*:00000004 LEDSem
                            *COM*:00000004 LEDRedMut
                            *COM*:00000004 LEDGreenMut
                            *COM*:00000004 LEDBlueMut
C:\Users\Riley\AppData\Local\Temp\ccrJcScz.s:24     .text.Default_Handler:00000000 $t
C:\Users\Riley\AppData\Local\Temp\ccrJcScz.s:29     .text.Default_Handler:00000000 Default_Handler
C:\Users\Riley\AppData\Local\Temp\ccrJcScz.s:29     .text.Default_Handler:00000000 NMI_Handler
C:\Users\Riley\AppData\Local\Temp\ccrJcScz.s:29     .text.Default_Handler:00000000 MemManage_Handler
C:\Users\Riley\AppData\Local\Temp\ccrJcScz.s:29     .text.Default_Handler:00000000 BusFault_Handler
C:\Users\Riley\AppData\Local\Temp\ccrJcScz.s:29     .text.Default_Handler:00000000 UsageFault_Handler
C:\Users\Riley\AppData\Local\Temp\ccrJcScz.s:29     .text.Default_Handler:00000000 SVC_Handler
C:\Users\Riley\AppData\Local\Temp\ccrJcScz.s:29     .text.Default_Handler:00000000 DebugMonitor_Handler
C:\Users\Riley\AppData\Local\Temp\ccrJcScz.s:29     .text.Default_Handler:00000000 PendSV_Handler
C:\Users\Riley\AppData\Local\Temp\ccrJcScz.s:29     .text.Default_Handler:00000000 SysTick_Handler
C:\Users\Riley\AppData\Local\Temp\ccrJcScz.s:29     .text.Default_Handler:00000000 DMA_IRQHandler
C:\Users\Riley\AppData\Local\Temp\ccrJcScz.s:29     .text.Default_Handler:00000000 GPIO_EVEN_IRQHandler
C:\Users\Riley\AppData\Local\Temp\ccrJcScz.s:29     .text.Default_Handler:00000000 TIMER0_IRQHandler
C:\Users\Riley\AppData\Local\Temp\ccrJcScz.s:29     .text.Default_Handler:00000000 USART0_RX_IRQHandler
C:\Users\Riley\AppData\Local\Temp\ccrJcScz.s:29     .text.Default_Handler:00000000 USART0_TX_IRQHandler
C:\Users\Riley\AppData\Local\Temp\ccrJcScz.s:29     .text.Default_Handler:00000000 USB_IRQHandler
C:\Users\Riley\AppData\Local\Temp\ccrJcScz.s:29     .text.Default_Handler:00000000 ACMP0_IRQHandler
C:\Users\Riley\AppData\Local\Temp\ccrJcScz.s:29     .text.Default_Handler:00000000 ADC0_IRQHandler
C:\Users\Riley\AppData\Local\Temp\ccrJcScz.s:29     .text.Default_Handler:00000000 DAC0_IRQHandler
C:\Users\Riley\AppData\Local\Temp\ccrJcScz.s:29     .text.Default_Handler:00000000 I2C0_IRQHandler
C:\Users\Riley\AppData\Local\Temp\ccrJcScz.s:29     .text.Default_Handler:00000000 I2C1_IRQHandler
C:\Users\Riley\AppData\Local\Temp\ccrJcScz.s:29     .text.Default_Handler:00000000 GPIO_ODD_IRQHandler
C:\Users\Riley\AppData\Local\Temp\ccrJcScz.s:29     .text.Default_Handler:00000000 TIMER1_IRQHandler
C:\Users\Riley\AppData\Local\Temp\ccrJcScz.s:29     .text.Default_Handler:00000000 TIMER2_IRQHandler
C:\Users\Riley\AppData\Local\Temp\ccrJcScz.s:29     .text.Default_Handler:00000000 TIMER3_IRQHandler
C:\Users\Riley\AppData\Local\Temp\ccrJcScz.s:29     .text.Default_Handler:00000000 USART1_RX_IRQHandler
C:\Users\Riley\AppData\Local\Temp\ccrJcScz.s:29     .text.Default_Handler:00000000 USART1_TX_IRQHandler
C:\Users\Riley\AppData\Local\Temp\ccrJcScz.s:29     .text.Default_Handler:00000000 LESENSE_IRQHandler
C:\Users\Riley\AppData\Local\Temp\ccrJcScz.s:29     .text.Default_Handler:00000000 USART2_RX_IRQHandler
C:\Users\Riley\AppData\Local\Temp\ccrJcScz.s:29     .text.Default_Handler:00000000 USART2_TX_IRQHandler
C:\Users\Riley\AppData\Local\Temp\ccrJcScz.s:29     .text.Default_Handler:00000000 UART0_RX_IRQHandler
C:\Users\Riley\AppData\Local\Temp\ccrJcScz.s:29     .text.Default_Handler:00000000 UART0_TX_IRQHandler
C:\Users\Riley\AppData\Local\Temp\ccrJcScz.s:29     .text.Default_Handler:00000000 UART1_RX_IRQHandler
C:\Users\Riley\AppData\Local\Temp\ccrJcScz.s:29     .text.Default_Handler:00000000 UART1_TX_IRQHandler
C:\Users\Riley\AppData\Local\Temp\ccrJcScz.s:29     .text.Default_Handler:00000000 LEUART0_IRQHandler
C:\Users\Riley\AppData\Local\Temp\ccrJcScz.s:29     .text.Default_Handler:00000000 LEUART1_IRQHandler
C:\Users\Riley\AppData\Local\Temp\ccrJcScz.s:29     .text.Default_Handler:00000000 LETIMER0_IRQHandler
C:\Users\Riley\AppData\Local\Temp\ccrJcScz.s:29     .text.Default_Handler:00000000 PCNT0_IRQHandler
C:\Users\Riley\AppData\Local\Temp\ccrJcScz.s:29     .text.Default_Handler:00000000 PCNT1_IRQHandler
C:\Users\Riley\AppData\Local\Temp\ccrJcScz.s:29     .text.Default_Handler:00000000 PCNT2_IRQHandler
C:\Users\Riley\AppData\Local\Temp\ccrJcScz.s:29     .text.Default_Handler:00000000 RTC_IRQHandler
C:\Users\Riley\AppData\Local\Temp\ccrJcScz.s:29     .text.Default_Handler:00000000 BURTC_IRQHandler
C:\Users\Riley\AppData\Local\Temp\ccrJcScz.s:29     .text.Default_Handler:00000000 CMU_IRQHandler
C:\Users\Riley\AppData\Local\Temp\ccrJcScz.s:29     .text.Default_Handler:00000000 VCMP_IRQHandler
C:\Users\Riley\AppData\Local\Temp\ccrJcScz.s:29     .text.Default_Handler:00000000 LCD_IRQHandler
C:\Users\Riley\AppData\Local\Temp\ccrJcScz.s:29     .text.Default_Handler:00000000 MSC_IRQHandler
C:\Users\Riley\AppData\Local\Temp\ccrJcScz.s:29     .text.Default_Handler:00000000 AES_IRQHandler
C:\Users\Riley\AppData\Local\Temp\ccrJcScz.s:29     .text.Default_Handler:00000000 EBI_IRQHandler
C:\Users\Riley\AppData\Local\Temp\ccrJcScz.s:141    .text.Default_HandlerHF:00000000 $t
C:\Users\Riley\AppData\Local\Temp\ccrJcScz.s:146    .text.Default_HandlerHF:00000000 Default_HandlerHF
C:\Users\Riley\AppData\Local\Temp\ccrJcScz.s:190    .text.Default_HandlerHF:00000024 $d
C:\Users\Riley\AppData\Local\Temp\ccrJcScz.s:146    .text.Default_HandlerHF:00000000 HardFault_Handler
C:\Users\Riley\AppData\Local\Temp\ccrJcScz.s:198    .text.Reset_Handler:00000000 $t
C:\Users\Riley\AppData\Local\Temp\ccrJcScz.s:203    .text.Reset_Handler:00000000 Reset_Handler
C:\Users\Riley\AppData\Local\Temp\ccrJcScz.s:262    .text.Reset_Handler:00000040 $d
C:\Users\Riley\AppData\Local\Temp\ccrJcScz.s:275    .isr_vector:00000000 InterruptVector
C:\Users\Riley\AppData\Local\Temp\ccrJcScz.s:272    .isr_vector:00000000 $d
                     .debug_frame:00000010 $d

UNDEFINED SYMBOLS
_estack
SystemInit
__libc_init_array
main
_sidata
_sdata
_sbss
_edata
_ebss
